#
# A fatal error has been detected by the Java Runtime Environment:
#
#  Internal Error (./src/hotspot/share/oops/generateOopMap.cpp:2164), pid=15108, tid=13984
#  fatal error: Illegal class file encountered. Try running with -Xverify:all in method start
#
# JRE version: OpenJDK Runtime Environment AdoptOpenJDK (11.0.10+9) (build 11.0.10+9)
# Java VM: OpenJDK 64-Bit Server VM AdoptOpenJDK (11.0.10+9, mixed mode, tiered, compressed oops, g1 gc, windows-amd64)
# No core dump will be written. Minidumps are not enabled by default on client versions of Windows
#
# If you would like to submit a bug report, please visit:
#   https://github.com/AdoptOpenJDK/openjdk-support/issues
#

---------------  S U M M A R Y ------------

Command Line: -agentlib:jdwp=transport=dt_socket,suspend=y,address=localhost:58809 -javaagent:C:\Users\Andrew\eclipse\java-2019-03\eclipse\configuration\org.eclipse.osgi\224\0\.cp\lib\javaagent-shaded.jar -Dfile.encoding=Cp1252 Mine.Minesweeper

Host: Intel(R) Core(TM) i5-6500 CPU @ 3.20GHz, 4 cores, 15G,  Windows 10 , 64 bit Build 19041 (10.0.19041.1151)
Time: Thu Aug 26 18:12:01 2021 Eastern Daylight Time elapsed time: 8284.726654 seconds (0d 2h 18m 4s)

---------------  T H R E A D  ---------------

Current thread (0x000001fe6e7c3000):  VMThread "VM Thread" [stack: 0x0000003e6ca00000,0x0000003e6cb00000] [id=13984]

Stack: [0x0000003e6ca00000,0x0000003e6cb00000]
[error occurred during error reporting (printing stack bounds), id 0xc0000005, EXCEPTION_ACCESS_VIOLATION (0xc0000005) at pc=0x000001fe533f0f2d]

Native frames: (J=compiled Java code, j=interpreted, Vv=VM code, C=native code)
V  [jvm.dll+0x5f35ea]
V  [jvm.dll+0x77c65e]
V  [jvm.dll+0x77dd2f]
V  [jvm.dll+0x77e355]
V  [jvm.dll+0x77e30b]
V  [jvm.dll+0x5f2ad3]
V  [jvm.dll+0x5f31e8]
C  [ntdll.dll+0xa217f]
C  [ntdll.dll+0x51454]
C  [ntdll.dll+0xa0cae]
C  0x000001fe533f0f2d

VM_Operation (0x0000003e6d4ff340): GetOrSetLocal, mode: safepoint, requested by thread 0x000001fe6f2cc800


---------------  P R O C E S S  ---------------

Threads class SMR info:
_java_thread_list=0x000001fe6fbb27c0, length=17, elements={
0x000001fe6e7e8000, 0x000001fe6e7f1800, 0x000001fe6f0de800, 0x000001fe6f0e1000,
0x000001fe6f0e2000, 0x000001fe6f092800, 0x000001fe6e7fe800, 0x000001fe6f095000,
0x000001fe6f080800, 0x000001fe6f2cc800, 0x000001fe6f2d1000, 0x000001fe6f543800,
0x000001fe6f877000, 0x000001fe6f878000, 0x000001fe6f87d000, 0x000001fe6f8f0800,
0x000001fe4acf8800
}

Java Threads: ( => current thread )
  0x000001fe6e7e8000 JavaThread "Reference Handler" daemon [_thread_blocked, id=6964, stack(0x0000003e6cb00000,0x0000003e6cc00000)]
  0x000001fe6e7f1800 JavaThread "Finalizer" daemon [_thread_blocked, id=19276, stack(0x0000003e6cc00000,0x0000003e6cd00000)]
  0x000001fe6f0de800 JavaThread "Signal Dispatcher" daemon [_thread_blocked, id=19220, stack(0x0000003e6cd00000,0x0000003e6ce00000)]
  0x000001fe6f0e1000 JavaThread "Attach Listener" daemon [_thread_blocked, id=9352, stack(0x0000003e6ce00000,0x0000003e6cf00000)]
  0x000001fe6f0e2000 JavaThread "Service Thread" daemon [_thread_blocked, id=5964, stack(0x0000003e6cf00000,0x0000003e6d000000)]
  0x000001fe6f092800 JavaThread "C2 CompilerThread0" daemon [_thread_blocked, id=3380, stack(0x0000003e6d000000,0x0000003e6d100000)]
  0x000001fe6e7fe800 JavaThread "C1 CompilerThread0" daemon [_thread_blocked, id=19624, stack(0x0000003e6d100000,0x0000003e6d200000)]
  0x000001fe6f095000 JavaThread "Sweeper thread" daemon [_thread_blocked, id=21868, stack(0x0000003e6d200000,0x0000003e6d300000)]
  0x000001fe6f080800 JavaThread "Common-Cleaner" daemon [_thread_blocked, id=5004, stack(0x0000003e6d300000,0x0000003e6d400000)]
  0x000001fe6f2cc800 JavaThread "JDWP Transport Listener: dt_socket" daemon [_thread_blocked, id=6532, stack(0x0000003e6d400000,0x0000003e6d500000)] _threads_hazard_ptr=0x000001fe6fbb27c0
  0x000001fe6f2d1000 JavaThread "JDWP Event Helper Thread" daemon [_thread_blocked, id=10580, stack(0x0000003e6d500000,0x0000003e6d600000)]
  0x000001fe6f543800 JavaThread "JDWP Command Reader" daemon [_thread_in_native, id=18960, stack(0x0000003e6d600000,0x0000003e6d700000)]
  0x000001fe6f877000 JavaThread "Java2D Disposer" daemon [_thread_blocked, id=15752, stack(0x0000003e6d800000,0x0000003e6d900000)]
  0x000001fe6f878000 JavaThread "AWT-Shutdown" [_thread_blocked, id=13436, stack(0x0000003e6d900000,0x0000003e6da00000)]
  0x000001fe6f87d000 JavaThread "AWT-Windows" daemon [_thread_in_native, id=13584, stack(0x0000003e6da00000,0x0000003e6db00000)]
  0x000001fe6f8f0800 JavaThread "AWT-EventQueue-0" [_thread_blocked, id=12756, stack(0x0000003e6db00000,0x0000003e6dc00000)]
  0x000001fe4acf8800 JavaThread "DestroyJavaVM" [_thread_blocked, id=13424, stack(0x0000003e6c400000,0x0000003e6c500000)]

Other Threads:
=>0x000001fe6e7c3000 VMThread "VM Thread" [stack: 0x0000003e6ca00000,0x0000003e6cb00000] [id=13984]
  0x000001fe6f39f000 WatcherThread [stack: 0x0000003e6d700000,0x0000003e6d800000] [id=18844]
  0x000001fe4ad10800 GCTaskThread "GC Thread#0" [stack: 0x0000003e6c500000,0x0000003e6c600000] [id=5640]
  0x000001fe4ad71000 ConcurrentGCThread "G1 Main Marker" [stack: 0x0000003e6c600000,0x0000003e6c700000] [id=692]
  0x000001fe4ad77800 ConcurrentGCThread "G1 Conc#0" [stack: 0x0000003e6c700000,0x0000003e6c800000] [id=1576]
  0x000001fe6e6a9000 ConcurrentGCThread "G1 Refine#0" [stack: 0x0000003e6c800000,0x0000003e6c900000] [id=13804]
  0x000001fe6e6aa000 ConcurrentGCThread "G1 Young RemSet Sampling" [stack: 0x0000003e6c900000,0x0000003e6ca00000] [id=10672]

Threads with active compile tasks:

VM state:at safepoint (normal execution)

VM Mutex/Monitor currently owned by a thread:  ([mutex/lock_event])
[0x000001fe4acf55b0] Threads_lock - owner thread: 0x000001fe6e7c3000

Heap address: 0x0000000701c00000, size: 4068 MB, Compressed Oops mode: Zero based, Oop shift amount: 3
Narrow klass base: 0x0000000800000000, Narrow klass shift: 0
Compressed class space size: 1073741824 Address: 0x0000000800000000

Heap:
 garbage-first heap   total 262144K, used 12288K [0x0000000701c00000, 0x0000000800000000)
  region size 1024K, 14 young (14336K), 0 survivors (0K)
 Metaspace       used 13936K, capacity 14322K, committed 14464K, reserved 1062912K
  class space    used 1402K, capacity 1569K, committed 1664K, reserved 1048576K
Heap Regions: E=young(eden), S=young(survivor), O=old, HS=humongous(starts), HC=humongous(continues), CS=collection set, F=free, A=archive, TAMS=top-at-mark-start (previous, next)
|   0|0x0000000701c00000, 0x0000000701c00000, 0x0000000701d00000|  0%| F|  |TAMS 0x0000000701c00000, 0x0000000701c00000| Untracked 
|   1|0x0000000701d00000, 0x0000000701d00000, 0x0000000701e00000|  0%| F|  |TAMS 0x0000000701d00000, 0x0000000701d00000| Untracked 
|   2|0x0000000701e00000, 0x0000000701e00000, 0x0000000701f00000|  0%| F|  |TAMS 0x0000000701e00000, 0x0000000701e00000| Untracked 
|   3|0x0000000701f00000, 0x0000000701f00000, 0x0000000702000000|  0%| F|  |TAMS 0x0000000701f00000, 0x0000000701f00000| Untracked 
|   4|0x0000000702000000, 0x0000000702000000, 0x0000000702100000|  0%| F|  |TAMS 0x0000000702000000, 0x0000000702000000| Untracked 
|   5|0x0000000702100000, 0x0000000702100000, 0x0000000702200000|  0%| F|  |TAMS 0x0000000702100000, 0x0000000702100000| Untracked 
|   6|0x0000000702200000, 0x0000000702200000, 0x0000000702300000|  0%| F|  |TAMS 0x0000000702200000, 0x0000000702200000| Untracked 
|   7|0x0000000702300000, 0x0000000702300000, 0x0000000702400000|  0%| F|  |TAMS 0x0000000702300000, 0x0000000702300000| Untracked 
|   8|0x0000000702400000, 0x0000000702400000, 0x0000000702500000|  0%| F|  |TAMS 0x0000000702400000, 0x0000000702400000| Untracked 
|   9|0x0000000702500000, 0x0000000702500000, 0x0000000702600000|  0%| F|  |TAMS 0x0000000702500000, 0x0000000702500000| Untracked 
|  10|0x0000000702600000, 0x0000000702600000, 0x0000000702700000|  0%| F|  |TAMS 0x0000000702600000, 0x0000000702600000| Untracked 
|  11|0x0000000702700000, 0x0000000702700000, 0x0000000702800000|  0%| F|  |TAMS 0x0000000702700000, 0x0000000702700000| Untracked 
|  12|0x0000000702800000, 0x0000000702800000, 0x0000000702900000|  0%| F|  |TAMS 0x0000000702800000, 0x0000000702800000| Untracked 
|  13|0x0000000702900000, 0x0000000702900000, 0x0000000702a00000|  0%| F|  |TAMS 0x0000000702900000, 0x0000000702900000| Untracked 
|  14|0x0000000702a00000, 0x0000000702a00000, 0x0000000702b00000|  0%| F|  |TAMS 0x0000000702a00000, 0x0000000702a00000| Untracked 
|  15|0x0000000702b00000, 0x0000000702b00000, 0x0000000702c00000|  0%| F|  |TAMS 0x0000000702b00000, 0x0000000702b00000| Untracked 
|  16|0x0000000702c00000, 0x0000000702c00000, 0x0000000702d00000|  0%| F|  |TAMS 0x0000000702c00000, 0x0000000702c00000| Untracked 
|  17|0x0000000702d00000, 0x0000000702d00000, 0x0000000702e00000|  0%| F|  |TAMS 0x0000000702d00000, 0x0000000702d00000| Untracked 
|  18|0x0000000702e00000, 0x0000000702e00000, 0x0000000702f00000|  0%| F|  |TAMS 0x0000000702e00000, 0x0000000702e00000| Untracked 
|  19|0x0000000702f00000, 0x0000000702f00000, 0x0000000703000000|  0%| F|  |TAMS 0x0000000702f00000, 0x0000000702f00000| Untracked 
|  20|0x0000000703000000, 0x0000000703000000, 0x0000000703100000|  0%| F|  |TAMS 0x0000000703000000, 0x0000000703000000| Untracked 
|  21|0x0000000703100000, 0x0000000703100000, 0x0000000703200000|  0%| F|  |TAMS 0x0000000703100000, 0x0000000703100000| Untracked 
|  22|0x0000000703200000, 0x0000000703200000, 0x0000000703300000|  0%| F|  |TAMS 0x0000000703200000, 0x0000000703200000| Untracked 
|  23|0x0000000703300000, 0x0000000703300000, 0x0000000703400000|  0%| F|  |TAMS 0x0000000703300000, 0x0000000703300000| Untracked 
|  24|0x0000000703400000, 0x0000000703400000, 0x0000000703500000|  0%| F|  |TAMS 0x0000000703400000, 0x0000000703400000| Untracked 
|  25|0x0000000703500000, 0x0000000703500000, 0x0000000703600000|  0%| F|  |TAMS 0x0000000703500000, 0x0000000703500000| Untracked 
|  26|0x0000000703600000, 0x0000000703600000, 0x0000000703700000|  0%| F|  |TAMS 0x0000000703600000, 0x0000000703600000| Untracked 
|  27|0x0000000703700000, 0x0000000703700000, 0x0000000703800000|  0%| F|  |TAMS 0x0000000703700000, 0x0000000703700000| Untracked 
|  28|0x0000000703800000, 0x0000000703800000, 0x0000000703900000|  0%| F|  |TAMS 0x0000000703800000, 0x0000000703800000| Untracked 
|  29|0x0000000703900000, 0x0000000703900000, 0x0000000703a00000|  0%| F|  |TAMS 0x0000000703900000, 0x0000000703900000| Untracked 
|  30|0x0000000703a00000, 0x0000000703a00000, 0x0000000703b00000|  0%| F|  |TAMS 0x0000000703a00000, 0x0000000703a00000| Untracked 
|  31|0x0000000703b00000, 0x0000000703b00000, 0x0000000703c00000|  0%| F|  |TAMS 0x0000000703b00000, 0x0000000703b00000| Untracked 
|  32|0x0000000703c00000, 0x0000000703c00000, 0x0000000703d00000|  0%| F|  |TAMS 0x0000000703c00000, 0x0000000703c00000| Untracked 
|  33|0x0000000703d00000, 0x0000000703d00000, 0x0000000703e00000|  0%| F|  |TAMS 0x0000000703d00000, 0x0000000703d00000| Untracked 
|  34|0x0000000703e00000, 0x0000000703e00000, 0x0000000703f00000|  0%| F|  |TAMS 0x0000000703e00000, 0x0000000703e00000| Untracked 
|  35|0x0000000703f00000, 0x0000000703f00000, 0x0000000704000000|  0%| F|  |TAMS 0x0000000703f00000, 0x0000000703f00000| Untracked 
|  36|0x0000000704000000, 0x0000000704000000, 0x0000000704100000|  0%| F|  |TAMS 0x0000000704000000, 0x0000000704000000| Untracked 
|  37|0x0000000704100000, 0x0000000704100000, 0x0000000704200000|  0%| F|  |TAMS 0x0000000704100000, 0x0000000704100000| Untracked 
|  38|0x0000000704200000, 0x0000000704200000, 0x0000000704300000|  0%| F|  |TAMS 0x0000000704200000, 0x0000000704200000| Untracked 
|  39|0x0000000704300000, 0x0000000704300000, 0x0000000704400000|  0%| F|  |TAMS 0x0000000704300000, 0x0000000704300000| Untracked 
|  40|0x0000000704400000, 0x0000000704400000, 0x0000000704500000|  0%| F|  |TAMS 0x0000000704400000, 0x0000000704400000| Untracked 
|  41|0x0000000704500000, 0x0000000704500000, 0x0000000704600000|  0%| F|  |TAMS 0x0000000704500000, 0x0000000704500000| Untracked 
|  42|0x0000000704600000, 0x0000000704600000, 0x0000000704700000|  0%| F|  |TAMS 0x0000000704600000, 0x0000000704600000| Untracked 
|  43|0x0000000704700000, 0x0000000704700000, 0x0000000704800000|  0%| F|  |TAMS 0x0000000704700000, 0x0000000704700000| Untracked 
|  44|0x0000000704800000, 0x0000000704800000, 0x0000000704900000|  0%| F|  |TAMS 0x0000000704800000, 0x0000000704800000| Untracked 
|  45|0x0000000704900000, 0x0000000704900000, 0x0000000704a00000|  0%| F|  |TAMS 0x0000000704900000, 0x0000000704900000| Untracked 
|  46|0x0000000704a00000, 0x0000000704a00000, 0x0000000704b00000|  0%| F|  |TAMS 0x0000000704a00000, 0x0000000704a00000| Untracked 
|  47|0x0000000704b00000, 0x0000000704b00000, 0x0000000704c00000|  0%| F|  |TAMS 0x0000000704b00000, 0x0000000704b00000| Untracked 
|  48|0x0000000704c00000, 0x0000000704c00000, 0x0000000704d00000|  0%| F|  |TAMS 0x0000000704c00000, 0x0000000704c00000| Untracked 
|  49|0x0000000704d00000, 0x0000000704d00000, 0x0000000704e00000|  0%| F|  |TAMS 0x0000000704d00000, 0x0000000704d00000| Untracked 
|  50|0x0000000704e00000, 0x0000000704e00000, 0x0000000704f00000|  0%| F|  |TAMS 0x0000000704e00000, 0x0000000704e00000| Untracked 
|  51|0x0000000704f00000, 0x0000000704f00000, 0x0000000705000000|  0%| F|  |TAMS 0x0000000704f00000, 0x0000000704f00000| Untracked 
|  52|0x0000000705000000, 0x0000000705000000, 0x0000000705100000|  0%| F|  |TAMS 0x0000000705000000, 0x0000000705000000| Untracked 
|  53|0x0000000705100000, 0x0000000705100000, 0x0000000705200000|  0%| F|  |TAMS 0x0000000705100000, 0x0000000705100000| Untracked 
|  54|0x0000000705200000, 0x0000000705200000, 0x0000000705300000|  0%| F|  |TAMS 0x0000000705200000, 0x0000000705200000| Untracked 
|  55|0x0000000705300000, 0x0000000705300000, 0x0000000705400000|  0%| F|  |TAMS 0x0000000705300000, 0x0000000705300000| Untracked 
|  56|0x0000000705400000, 0x0000000705400000, 0x0000000705500000|  0%| F|  |TAMS 0x0000000705400000, 0x0000000705400000| Untracked 
|  57|0x0000000705500000, 0x0000000705500000, 0x0000000705600000|  0%| F|  |TAMS 0x0000000705500000, 0x0000000705500000| Untracked 
|  58|0x0000000705600000, 0x0000000705600000, 0x0000000705700000|  0%| F|  |TAMS 0x0000000705600000, 0x0000000705600000| Untracked 
|  59|0x0000000705700000, 0x0000000705700000, 0x0000000705800000|  0%| F|  |TAMS 0x0000000705700000, 0x0000000705700000| Untracked 
|  60|0x0000000705800000, 0x0000000705800000, 0x0000000705900000|  0%| F|  |TAMS 0x0000000705800000, 0x0000000705800000| Untracked 
|  61|0x0000000705900000, 0x0000000705900000, 0x0000000705a00000|  0%| F|  |TAMS 0x0000000705900000, 0x0000000705900000| Untracked 
|  62|0x0000000705a00000, 0x0000000705a00000, 0x0000000705b00000|  0%| F|  |TAMS 0x0000000705a00000, 0x0000000705a00000| Untracked 
|  63|0x0000000705b00000, 0x0000000705b00000, 0x0000000705c00000|  0%| F|  |TAMS 0x0000000705b00000, 0x0000000705b00000| Untracked 
|  64|0x0000000705c00000, 0x0000000705c00000, 0x0000000705d00000|  0%| F|  |TAMS 0x0000000705c00000, 0x0000000705c00000| Untracked 
|  65|0x0000000705d00000, 0x0000000705d00000, 0x0000000705e00000|  0%| F|  |TAMS 0x0000000705d00000, 0x0000000705d00000| Untracked 
|  66|0x0000000705e00000, 0x0000000705e00000, 0x0000000705f00000|  0%| F|  |TAMS 0x0000000705e00000, 0x0000000705e00000| Untracked 
|  67|0x0000000705f00000, 0x0000000705f00000, 0x0000000706000000|  0%| F|  |TAMS 0x0000000705f00000, 0x0000000705f00000| Untracked 
|  68|0x0000000706000000, 0x0000000706000000, 0x0000000706100000|  0%| F|  |TAMS 0x0000000706000000, 0x0000000706000000| Untracked 
|  69|0x0000000706100000, 0x0000000706100000, 0x0000000706200000|  0%| F|  |TAMS 0x0000000706100000, 0x0000000706100000| Untracked 
|  70|0x0000000706200000, 0x0000000706200000, 0x0000000706300000|  0%| F|  |TAMS 0x0000000706200000, 0x0000000706200000| Untracked 
|  71|0x0000000706300000, 0x0000000706300000, 0x0000000706400000|  0%| F|  |TAMS 0x0000000706300000, 0x0000000706300000| Untracked 
|  72|0x0000000706400000, 0x0000000706400000, 0x0000000706500000|  0%| F|  |TAMS 0x0000000706400000, 0x0000000706400000| Untracked 
|  73|0x0000000706500000, 0x0000000706500000, 0x0000000706600000|  0%| F|  |TAMS 0x0000000706500000, 0x0000000706500000| Untracked 
|  74|0x0000000706600000, 0x0000000706600000, 0x0000000706700000|  0%| F|  |TAMS 0x0000000706600000, 0x0000000706600000| Untracked 
|  75|0x0000000706700000, 0x0000000706700000, 0x0000000706800000|  0%| F|  |TAMS 0x0000000706700000, 0x0000000706700000| Untracked 
|  76|0x0000000706800000, 0x0000000706800000, 0x0000000706900000|  0%| F|  |TAMS 0x0000000706800000, 0x0000000706800000| Untracked 
|  77|0x0000000706900000, 0x0000000706900000, 0x0000000706a00000|  0%| F|  |TAMS 0x0000000706900000, 0x0000000706900000| Untracked 
|  78|0x0000000706a00000, 0x0000000706a00000, 0x0000000706b00000|  0%| F|  |TAMS 0x0000000706a00000, 0x0000000706a00000| Untracked 
|  79|0x0000000706b00000, 0x0000000706b00000, 0x0000000706c00000|  0%| F|  |TAMS 0x0000000706b00000, 0x0000000706b00000| Untracked 
|  80|0x0000000706c00000, 0x0000000706c00000, 0x0000000706d00000|  0%| F|  |TAMS 0x0000000706c00000, 0x0000000706c00000| Untracked 
|  81|0x0000000706d00000, 0x0000000706d00000, 0x0000000706e00000|  0%| F|  |TAMS 0x0000000706d00000, 0x0000000706d00000| Untracked 
|  82|0x0000000706e00000, 0x0000000706e00000, 0x0000000706f00000|  0%| F|  |TAMS 0x0000000706e00000, 0x0000000706e00000| Untracked 
|  83|0x0000000706f00000, 0x0000000706f00000, 0x0000000707000000|  0%| F|  |TAMS 0x0000000706f00000, 0x0000000706f00000| Untracked 
|  84|0x0000000707000000, 0x0000000707000000, 0x0000000707100000|  0%| F|  |TAMS 0x0000000707000000, 0x0000000707000000| Untracked 
|  85|0x0000000707100000, 0x0000000707100000, 0x0000000707200000|  0%| F|  |TAMS 0x0000000707100000, 0x0000000707100000| Untracked 
|  86|0x0000000707200000, 0x0000000707200000, 0x0000000707300000|  0%| F|  |TAMS 0x0000000707200000, 0x0000000707200000| Untracked 
|  87|0x0000000707300000, 0x0000000707300000, 0x0000000707400000|  0%| F|  |TAMS 0x0000000707300000, 0x0000000707300000| Untracked 
|  88|0x0000000707400000, 0x0000000707400000, 0x0000000707500000|  0%| F|  |TAMS 0x0000000707400000, 0x0000000707400000| Untracked 
|  89|0x0000000707500000, 0x0000000707500000, 0x0000000707600000|  0%| F|  |TAMS 0x0000000707500000, 0x0000000707500000| Untracked 
|  90|0x0000000707600000, 0x0000000707600000, 0x0000000707700000|  0%| F|  |TAMS 0x0000000707600000, 0x0000000707600000| Untracked 
|  91|0x0000000707700000, 0x0000000707700000, 0x0000000707800000|  0%| F|  |TAMS 0x0000000707700000, 0x0000000707700000| Untracked 
|  92|0x0000000707800000, 0x0000000707800000, 0x0000000707900000|  0%| F|  |TAMS 0x0000000707800000, 0x0000000707800000| Untracked 
|  93|0x0000000707900000, 0x0000000707900000, 0x0000000707a00000|  0%| F|  |TAMS 0x0000000707900000, 0x0000000707900000| Untracked 
|  94|0x0000000707a00000, 0x0000000707a00000, 0x0000000707b00000|  0%| F|  |TAMS 0x0000000707a00000, 0x0000000707a00000| Untracked 
|  95|0x0000000707b00000, 0x0000000707b00000, 0x0000000707c00000|  0%| F|  |TAMS 0x0000000707b00000, 0x0000000707b00000| Untracked 
|  96|0x0000000707c00000, 0x0000000707c00000, 0x0000000707d00000|  0%| F|  |TAMS 0x0000000707c00000, 0x0000000707c00000| Untracked 
|  97|0x0000000707d00000, 0x0000000707d00000, 0x0000000707e00000|  0%| F|  |TAMS 0x0000000707d00000, 0x0000000707d00000| Untracked 
|  98|0x0000000707e00000, 0x0000000707e00000, 0x0000000707f00000|  0%| F|  |TAMS 0x0000000707e00000, 0x0000000707e00000| Untracked 
|  99|0x0000000707f00000, 0x0000000707f00000, 0x0000000708000000|  0%| F|  |TAMS 0x0000000707f00000, 0x0000000707f00000| Untracked 
| 100|0x0000000708000000, 0x0000000708000000, 0x0000000708100000|  0%| F|  |TAMS 0x0000000708000000, 0x0000000708000000| Untracked 
| 101|0x0000000708100000, 0x0000000708100000, 0x0000000708200000|  0%| F|  |TAMS 0x0000000708100000, 0x0000000708100000| Untracked 
| 102|0x0000000708200000, 0x0000000708200000, 0x0000000708300000|  0%| F|  |TAMS 0x0000000708200000, 0x0000000708200000| Untracked 
| 103|0x0000000708300000, 0x0000000708300000, 0x0000000708400000|  0%| F|  |TAMS 0x0000000708300000, 0x0000000708300000| Untracked 
| 104|0x0000000708400000, 0x0000000708400000, 0x0000000708500000|  0%| F|  |TAMS 0x0000000708400000, 0x0000000708400000| Untracked 
| 105|0x0000000708500000, 0x0000000708500000, 0x0000000708600000|  0%| F|  |TAMS 0x0000000708500000, 0x0000000708500000| Untracked 
| 106|0x0000000708600000, 0x0000000708600000, 0x0000000708700000|  0%| F|  |TAMS 0x0000000708600000, 0x0000000708600000| Untracked 
| 107|0x0000000708700000, 0x0000000708700000, 0x0000000708800000|  0%| F|  |TAMS 0x0000000708700000, 0x0000000708700000| Untracked 
| 108|0x0000000708800000, 0x0000000708800000, 0x0000000708900000|  0%| F|  |TAMS 0x0000000708800000, 0x0000000708800000| Untracked 
| 109|0x0000000708900000, 0x0000000708900000, 0x0000000708a00000|  0%| F|  |TAMS 0x0000000708900000, 0x0000000708900000| Untracked 
| 110|0x0000000708a00000, 0x0000000708a00000, 0x0000000708b00000|  0%| F|  |TAMS 0x0000000708a00000, 0x0000000708a00000| Untracked 
| 111|0x0000000708b00000, 0x0000000708b00000, 0x0000000708c00000|  0%| F|  |TAMS 0x0000000708b00000, 0x0000000708b00000| Untracked 
| 112|0x0000000708c00000, 0x0000000708c00000, 0x0000000708d00000|  0%| F|  |TAMS 0x0000000708c00000, 0x0000000708c00000| Untracked 
| 113|0x0000000708d00000, 0x0000000708d00000, 0x0000000708e00000|  0%| F|  |TAMS 0x0000000708d00000, 0x0000000708d00000| Untracked 
| 114|0x0000000708e00000, 0x0000000708e00000, 0x0000000708f00000|  0%| F|  |TAMS 0x0000000708e00000, 0x0000000708e00000| Untracked 
| 115|0x0000000708f00000, 0x0000000708f00000, 0x0000000709000000|  0%| F|  |TAMS 0x0000000708f00000, 0x0000000708f00000| Untracked 
| 116|0x0000000709000000, 0x0000000709000000, 0x0000000709100000|  0%| F|  |TAMS 0x0000000709000000, 0x0000000709000000| Untracked 
| 117|0x0000000709100000, 0x0000000709100000, 0x0000000709200000|  0%| F|  |TAMS 0x0000000709100000, 0x0000000709100000| Untracked 
| 118|0x0000000709200000, 0x0000000709200000, 0x0000000709300000|  0%| F|  |TAMS 0x0000000709200000, 0x0000000709200000| Untracked 
| 119|0x0000000709300000, 0x0000000709300000, 0x0000000709400000|  0%| F|  |TAMS 0x0000000709300000, 0x0000000709300000| Untracked 
| 120|0x0000000709400000, 0x0000000709400000, 0x0000000709500000|  0%| F|  |TAMS 0x0000000709400000, 0x0000000709400000| Untracked 
| 121|0x0000000709500000, 0x0000000709500000, 0x0000000709600000|  0%| F|  |TAMS 0x0000000709500000, 0x0000000709500000| Untracked 
| 122|0x0000000709600000, 0x0000000709600000, 0x0000000709700000|  0%| F|  |TAMS 0x0000000709600000, 0x0000000709600000| Untracked 
| 123|0x0000000709700000, 0x0000000709700000, 0x0000000709800000|  0%| F|  |TAMS 0x0000000709700000, 0x0000000709700000| Untracked 
| 124|0x0000000709800000, 0x0000000709800000, 0x0000000709900000|  0%| F|  |TAMS 0x0000000709800000, 0x0000000709800000| Untracked 
| 125|0x0000000709900000, 0x0000000709900000, 0x0000000709a00000|  0%| F|  |TAMS 0x0000000709900000, 0x0000000709900000| Untracked 
| 126|0x0000000709a00000, 0x0000000709a00000, 0x0000000709b00000|  0%| F|  |TAMS 0x0000000709a00000, 0x0000000709a00000| Untracked 
| 127|0x0000000709b00000, 0x0000000709b00000, 0x0000000709c00000|  0%| F|  |TAMS 0x0000000709b00000, 0x0000000709b00000| Untracked 
| 128|0x0000000709c00000, 0x0000000709c00000, 0x0000000709d00000|  0%| F|  |TAMS 0x0000000709c00000, 0x0000000709c00000| Untracked 
| 129|0x0000000709d00000, 0x0000000709d00000, 0x0000000709e00000|  0%| F|  |TAMS 0x0000000709d00000, 0x0000000709d00000| Untracked 
| 130|0x0000000709e00000, 0x0000000709e00000, 0x0000000709f00000|  0%| F|  |TAMS 0x0000000709e00000, 0x0000000709e00000| Untracked 
| 131|0x0000000709f00000, 0x0000000709f00000, 0x000000070a000000|  0%| F|  |TAMS 0x0000000709f00000, 0x0000000709f00000| Untracked 
| 132|0x000000070a000000, 0x000000070a000000, 0x000000070a100000|  0%| F|  |TAMS 0x000000070a000000, 0x000000070a000000| Untracked 
| 133|0x000000070a100000, 0x000000070a100000, 0x000000070a200000|  0%| F|  |TAMS 0x000000070a100000, 0x000000070a100000| Untracked 
| 134|0x000000070a200000, 0x000000070a200000, 0x000000070a300000|  0%| F|  |TAMS 0x000000070a200000, 0x000000070a200000| Untracked 
| 135|0x000000070a300000, 0x000000070a300000, 0x000000070a400000|  0%| F|  |TAMS 0x000000070a300000, 0x000000070a300000| Untracked 
| 136|0x000000070a400000, 0x000000070a400000, 0x000000070a500000|  0%| F|  |TAMS 0x000000070a400000, 0x000000070a400000| Untracked 
| 137|0x000000070a500000, 0x000000070a500000, 0x000000070a600000|  0%| F|  |TAMS 0x000000070a500000, 0x000000070a500000| Untracked 
| 138|0x000000070a600000, 0x000000070a600000, 0x000000070a700000|  0%| F|  |TAMS 0x000000070a600000, 0x000000070a600000| Untracked 
| 139|0x000000070a700000, 0x000000070a700000, 0x000000070a800000|  0%| F|  |TAMS 0x000000070a700000, 0x000000070a700000| Untracked 
| 140|0x000000070a800000, 0x000000070a800000, 0x000000070a900000|  0%| F|  |TAMS 0x000000070a800000, 0x000000070a800000| Untracked 
| 141|0x000000070a900000, 0x000000070a900000, 0x000000070aa00000|  0%| F|  |TAMS 0x000000070a900000, 0x000000070a900000| Untracked 
| 142|0x000000070aa00000, 0x000000070aa00000, 0x000000070ab00000|  0%| F|  |TAMS 0x000000070aa00000, 0x000000070aa00000| Untracked 
| 143|0x000000070ab00000, 0x000000070ab00000, 0x000000070ac00000|  0%| F|  |TAMS 0x000000070ab00000, 0x000000070ab00000| Untracked 
| 144|0x000000070ac00000, 0x000000070ac00000, 0x000000070ad00000|  0%| F|  |TAMS 0x000000070ac00000, 0x000000070ac00000| Untracked 
| 145|0x000000070ad00000, 0x000000070ad00000, 0x000000070ae00000|  0%| F|  |TAMS 0x000000070ad00000, 0x000000070ad00000| Untracked 
| 146|0x000000070ae00000, 0x000000070ae00000, 0x000000070af00000|  0%| F|  |TAMS 0x000000070ae00000, 0x000000070ae00000| Untracked 
| 147|0x000000070af00000, 0x000000070af00000, 0x000000070b000000|  0%| F|  |TAMS 0x000000070af00000, 0x000000070af00000| Untracked 
| 148|0x000000070b000000, 0x000000070b000000, 0x000000070b100000|  0%| F|  |TAMS 0x000000070b000000, 0x000000070b000000| Untracked 
| 149|0x000000070b100000, 0x000000070b100000, 0x000000070b200000|  0%| F|  |TAMS 0x000000070b100000, 0x000000070b100000| Untracked 
| 150|0x000000070b200000, 0x000000070b200000, 0x000000070b300000|  0%| F|  |TAMS 0x000000070b200000, 0x000000070b200000| Untracked 
| 151|0x000000070b300000, 0x000000070b300000, 0x000000070b400000|  0%| F|  |TAMS 0x000000070b300000, 0x000000070b300000| Untracked 
| 152|0x000000070b400000, 0x000000070b400000, 0x000000070b500000|  0%| F|  |TAMS 0x000000070b400000, 0x000000070b400000| Untracked 
| 153|0x000000070b500000, 0x000000070b500000, 0x000000070b600000|  0%| F|  |TAMS 0x000000070b500000, 0x000000070b500000| Untracked 
| 154|0x000000070b600000, 0x000000070b600000, 0x000000070b700000|  0%| F|  |TAMS 0x000000070b600000, 0x000000070b600000| Untracked 
| 155|0x000000070b700000, 0x000000070b700000, 0x000000070b800000|  0%| F|  |TAMS 0x000000070b700000, 0x000000070b700000| Untracked 
| 156|0x000000070b800000, 0x000000070b800000, 0x000000070b900000|  0%| F|  |TAMS 0x000000070b800000, 0x000000070b800000| Untracked 
| 157|0x000000070b900000, 0x000000070b900000, 0x000000070ba00000|  0%| F|  |TAMS 0x000000070b900000, 0x000000070b900000| Untracked 
| 158|0x000000070ba00000, 0x000000070ba00000, 0x000000070bb00000|  0%| F|  |TAMS 0x000000070ba00000, 0x000000070ba00000| Untracked 
| 159|0x000000070bb00000, 0x000000070bb00000, 0x000000070bc00000|  0%| F|  |TAMS 0x000000070bb00000, 0x000000070bb00000| Untracked 
| 160|0x000000070bc00000, 0x000000070bc00000, 0x000000070bd00000|  0%| F|  |TAMS 0x000000070bc00000, 0x000000070bc00000| Untracked 
| 161|0x000000070bd00000, 0x000000070bd00000, 0x000000070be00000|  0%| F|  |TAMS 0x000000070bd00000, 0x000000070bd00000| Untracked 
| 162|0x000000070be00000, 0x000000070be00000, 0x000000070bf00000|  0%| F|  |TAMS 0x000000070be00000, 0x000000070be00000| Untracked 
| 163|0x000000070bf00000, 0x000000070bf00000, 0x000000070c000000|  0%| F|  |TAMS 0x000000070bf00000, 0x000000070bf00000| Untracked 
| 164|0x000000070c000000, 0x000000070c000000, 0x000000070c100000|  0%| F|  |TAMS 0x000000070c000000, 0x000000070c000000| Untracked 
| 165|0x000000070c100000, 0x000000070c100000, 0x000000070c200000|  0%| F|  |TAMS 0x000000070c100000, 0x000000070c100000| Untracked 
| 166|0x000000070c200000, 0x000000070c200000, 0x000000070c300000|  0%| F|  |TAMS 0x000000070c200000, 0x000000070c200000| Untracked 
| 167|0x000000070c300000, 0x000000070c300000, 0x000000070c400000|  0%| F|  |TAMS 0x000000070c300000, 0x000000070c300000| Untracked 
| 168|0x000000070c400000, 0x000000070c400000, 0x000000070c500000|  0%| F|  |TAMS 0x000000070c400000, 0x000000070c400000| Untracked 
| 169|0x000000070c500000, 0x000000070c500000, 0x000000070c600000|  0%| F|  |TAMS 0x000000070c500000, 0x000000070c500000| Untracked 
| 170|0x000000070c600000, 0x000000070c600000, 0x000000070c700000|  0%| F|  |TAMS 0x000000070c600000, 0x000000070c600000| Untracked 
| 171|0x000000070c700000, 0x000000070c700000, 0x000000070c800000|  0%| F|  |TAMS 0x000000070c700000, 0x000000070c700000| Untracked 
| 172|0x000000070c800000, 0x000000070c800000, 0x000000070c900000|  0%| F|  |TAMS 0x000000070c800000, 0x000000070c800000| Untracked 
| 173|0x000000070c900000, 0x000000070c900000, 0x000000070ca00000|  0%| F|  |TAMS 0x000000070c900000, 0x000000070c900000| Untracked 
| 174|0x000000070ca00000, 0x000000070ca00000, 0x000000070cb00000|  0%| F|  |TAMS 0x000000070ca00000, 0x000000070ca00000| Untracked 
| 175|0x000000070cb00000, 0x000000070cb00000, 0x000000070cc00000|  0%| F|  |TAMS 0x000000070cb00000, 0x000000070cb00000| Untracked 
| 176|0x000000070cc00000, 0x000000070cc00000, 0x000000070cd00000|  0%| F|  |TAMS 0x000000070cc00000, 0x000000070cc00000| Untracked 
| 177|0x000000070cd00000, 0x000000070cd00000, 0x000000070ce00000|  0%| F|  |TAMS 0x000000070cd00000, 0x000000070cd00000| Untracked 
| 178|0x000000070ce00000, 0x000000070ce00000, 0x000000070cf00000|  0%| F|  |TAMS 0x000000070ce00000, 0x000000070ce00000| Untracked 
| 179|0x000000070cf00000, 0x000000070cf00000, 0x000000070d000000|  0%| F|  |TAMS 0x000000070cf00000, 0x000000070cf00000| Untracked 
| 180|0x000000070d000000, 0x000000070d000000, 0x000000070d100000|  0%| F|  |TAMS 0x000000070d000000, 0x000000070d000000| Untracked 
| 181|0x000000070d100000, 0x000000070d100000, 0x000000070d200000|  0%| F|  |TAMS 0x000000070d100000, 0x000000070d100000| Untracked 
| 182|0x000000070d200000, 0x000000070d200000, 0x000000070d300000|  0%| F|  |TAMS 0x000000070d200000, 0x000000070d200000| Untracked 
| 183|0x000000070d300000, 0x000000070d300000, 0x000000070d400000|  0%| F|  |TAMS 0x000000070d300000, 0x000000070d300000| Untracked 
| 184|0x000000070d400000, 0x000000070d400000, 0x000000070d500000|  0%| F|  |TAMS 0x000000070d400000, 0x000000070d400000| Untracked 
| 185|0x000000070d500000, 0x000000070d500000, 0x000000070d600000|  0%| F|  |TAMS 0x000000070d500000, 0x000000070d500000| Untracked 
| 186|0x000000070d600000, 0x000000070d600000, 0x000000070d700000|  0%| F|  |TAMS 0x000000070d600000, 0x000000070d600000| Untracked 
| 187|0x000000070d700000, 0x000000070d700000, 0x000000070d800000|  0%| F|  |TAMS 0x000000070d700000, 0x000000070d700000| Untracked 
| 188|0x000000070d800000, 0x000000070d800000, 0x000000070d900000|  0%| F|  |TAMS 0x000000070d800000, 0x000000070d800000| Untracked 
| 189|0x000000070d900000, 0x000000070d900000, 0x000000070da00000|  0%| F|  |TAMS 0x000000070d900000, 0x000000070d900000| Untracked 
| 190|0x000000070da00000, 0x000000070da00000, 0x000000070db00000|  0%| F|  |TAMS 0x000000070da00000, 0x000000070da00000| Untracked 
| 191|0x000000070db00000, 0x000000070db00000, 0x000000070dc00000|  0%| F|  |TAMS 0x000000070db00000, 0x000000070db00000| Untracked 
| 192|0x000000070dc00000, 0x000000070dc00000, 0x000000070dd00000|  0%| F|  |TAMS 0x000000070dc00000, 0x000000070dc00000| Untracked 
| 193|0x000000070dd00000, 0x000000070dd00000, 0x000000070de00000|  0%| F|  |TAMS 0x000000070dd00000, 0x000000070dd00000| Untracked 
| 194|0x000000070de00000, 0x000000070de00000, 0x000000070df00000|  0%| F|  |TAMS 0x000000070de00000, 0x000000070de00000| Untracked 
| 195|0x000000070df00000, 0x000000070df00000, 0x000000070e000000|  0%| F|  |TAMS 0x000000070df00000, 0x000000070df00000| Untracked 
| 196|0x000000070e000000, 0x000000070e000000, 0x000000070e100000|  0%| F|  |TAMS 0x000000070e000000, 0x000000070e000000| Untracked 
| 197|0x000000070e100000, 0x000000070e100000, 0x000000070e200000|  0%| F|  |TAMS 0x000000070e100000, 0x000000070e100000| Untracked 
| 198|0x000000070e200000, 0x000000070e200000, 0x000000070e300000|  0%| F|  |TAMS 0x000000070e200000, 0x000000070e200000| Untracked 
| 199|0x000000070e300000, 0x000000070e300000, 0x000000070e400000|  0%| F|  |TAMS 0x000000070e300000, 0x000000070e300000| Untracked 
| 200|0x000000070e400000, 0x000000070e400000, 0x000000070e500000|  0%| F|  |TAMS 0x000000070e400000, 0x000000070e400000| Untracked 
| 201|0x000000070e500000, 0x000000070e500000, 0x000000070e600000|  0%| F|  |TAMS 0x000000070e500000, 0x000000070e500000| Untracked 
| 202|0x000000070e600000, 0x000000070e600000, 0x000000070e700000|  0%| F|  |TAMS 0x000000070e600000, 0x000000070e600000| Untracked 
| 203|0x000000070e700000, 0x000000070e700000, 0x000000070e800000|  0%| F|  |TAMS 0x000000070e700000, 0x000000070e700000| Untracked 
| 204|0x000000070e800000, 0x000000070e800000, 0x000000070e900000|  0%| F|  |TAMS 0x000000070e800000, 0x000000070e800000| Untracked 
| 205|0x000000070e900000, 0x000000070e900000, 0x000000070ea00000|  0%| F|  |TAMS 0x000000070e900000, 0x000000070e900000| Untracked 
| 206|0x000000070ea00000, 0x000000070ea00000, 0x000000070eb00000|  0%| F|  |TAMS 0x000000070ea00000, 0x000000070ea00000| Untracked 
| 207|0x000000070eb00000, 0x000000070eb00000, 0x000000070ec00000|  0%| F|  |TAMS 0x000000070eb00000, 0x000000070eb00000| Untracked 
| 208|0x000000070ec00000, 0x000000070ec00000, 0x000000070ed00000|  0%| F|  |TAMS 0x000000070ec00000, 0x000000070ec00000| Untracked 
| 209|0x000000070ed00000, 0x000000070ed00000, 0x000000070ee00000|  0%| F|  |TAMS 0x000000070ed00000, 0x000000070ed00000| Untracked 
| 210|0x000000070ee00000, 0x000000070ee00000, 0x000000070ef00000|  0%| F|  |TAMS 0x000000070ee00000, 0x000000070ee00000| Untracked 
| 211|0x000000070ef00000, 0x000000070ef00000, 0x000000070f000000|  0%| F|  |TAMS 0x000000070ef00000, 0x000000070ef00000| Untracked 
| 212|0x000000070f000000, 0x000000070f000000, 0x000000070f100000|  0%| F|  |TAMS 0x000000070f000000, 0x000000070f000000| Untracked 
| 213|0x000000070f100000, 0x000000070f100000, 0x000000070f200000|  0%| F|  |TAMS 0x000000070f100000, 0x000000070f100000| Untracked 
| 214|0x000000070f200000, 0x000000070f200000, 0x000000070f300000|  0%| F|  |TAMS 0x000000070f200000, 0x000000070f200000| Untracked 
| 215|0x000000070f300000, 0x000000070f300000, 0x000000070f400000|  0%| F|  |TAMS 0x000000070f300000, 0x000000070f300000| Untracked 
| 216|0x000000070f400000, 0x000000070f400000, 0x000000070f500000|  0%| F|  |TAMS 0x000000070f400000, 0x000000070f400000| Untracked 
| 217|0x000000070f500000, 0x000000070f500000, 0x000000070f600000|  0%| F|  |TAMS 0x000000070f500000, 0x000000070f500000| Untracked 
| 218|0x000000070f600000, 0x000000070f600000, 0x000000070f700000|  0%| F|  |TAMS 0x000000070f600000, 0x000000070f600000| Untracked 
| 219|0x000000070f700000, 0x000000070f700000, 0x000000070f800000|  0%| F|  |TAMS 0x000000070f700000, 0x000000070f700000| Untracked 
| 220|0x000000070f800000, 0x000000070f800000, 0x000000070f900000|  0%| F|  |TAMS 0x000000070f800000, 0x000000070f800000| Untracked 
| 221|0x000000070f900000, 0x000000070f900000, 0x000000070fa00000|  0%| F|  |TAMS 0x000000070f900000, 0x000000070f900000| Untracked 
| 222|0x000000070fa00000, 0x000000070fa00000, 0x000000070fb00000|  0%| F|  |TAMS 0x000000070fa00000, 0x000000070fa00000| Untracked 
| 223|0x000000070fb00000, 0x000000070fb00000, 0x000000070fc00000|  0%| F|  |TAMS 0x000000070fb00000, 0x000000070fb00000| Untracked 
| 224|0x000000070fc00000, 0x000000070fc00000, 0x000000070fd00000|  0%| F|  |TAMS 0x000000070fc00000, 0x000000070fc00000| Untracked 
| 225|0x000000070fd00000, 0x000000070fd00000, 0x000000070fe00000|  0%| F|  |TAMS 0x000000070fd00000, 0x000000070fd00000| Untracked 
| 226|0x000000070fe00000, 0x000000070fe00000, 0x000000070ff00000|  0%| F|  |TAMS 0x000000070fe00000, 0x000000070fe00000| Untracked 
| 227|0x000000070ff00000, 0x000000070ff00000, 0x0000000710000000|  0%| F|  |TAMS 0x000000070ff00000, 0x000000070ff00000| Untracked 
| 228|0x0000000710000000, 0x0000000710000000, 0x0000000710100000|  0%| F|  |TAMS 0x0000000710000000, 0x0000000710000000| Untracked 
| 229|0x0000000710100000, 0x0000000710100000, 0x0000000710200000|  0%| F|  |TAMS 0x0000000710100000, 0x0000000710100000| Untracked 
| 230|0x0000000710200000, 0x0000000710200000, 0x0000000710300000|  0%| F|  |TAMS 0x0000000710200000, 0x0000000710200000| Untracked 
| 231|0x0000000710300000, 0x0000000710300000, 0x0000000710400000|  0%| F|  |TAMS 0x0000000710300000, 0x0000000710300000| Untracked 
| 232|0x0000000710400000, 0x0000000710400000, 0x0000000710500000|  0%| F|  |TAMS 0x0000000710400000, 0x0000000710400000| Untracked 
| 233|0x0000000710500000, 0x0000000710500000, 0x0000000710600000|  0%| F|  |TAMS 0x0000000710500000, 0x0000000710500000| Untracked 
| 234|0x0000000710600000, 0x0000000710600000, 0x0000000710700000|  0%| F|  |TAMS 0x0000000710600000, 0x0000000710600000| Untracked 
| 235|0x0000000710700000, 0x0000000710700000, 0x0000000710800000|  0%| F|  |TAMS 0x0000000710700000, 0x0000000710700000| Untracked 
| 236|0x0000000710800000, 0x0000000710800000, 0x0000000710900000|  0%| F|  |TAMS 0x0000000710800000, 0x0000000710800000| Untracked 
| 237|0x0000000710900000, 0x0000000710900000, 0x0000000710a00000|  0%| F|  |TAMS 0x0000000710900000, 0x0000000710900000| Untracked 
| 238|0x0000000710a00000, 0x0000000710a00000, 0x0000000710b00000|  0%| F|  |TAMS 0x0000000710a00000, 0x0000000710a00000| Untracked 
| 239|0x0000000710b00000, 0x0000000710b00000, 0x0000000710c00000|  0%| F|  |TAMS 0x0000000710b00000, 0x0000000710b00000| Untracked 
| 240|0x0000000710c00000, 0x0000000710c00000, 0x0000000710d00000|  0%| F|  |TAMS 0x0000000710c00000, 0x0000000710c00000| Untracked 
| 241|0x0000000710d00000, 0x0000000710d00000, 0x0000000710e00000|  0%| F|  |TAMS 0x0000000710d00000, 0x0000000710d00000| Untracked 
| 242|0x0000000710e00000, 0x0000000710e91020, 0x0000000710f00000| 56%| E|  |TAMS 0x0000000710e00000, 0x0000000710e00000| Complete 
| 243|0x0000000710f00000, 0x0000000711000000, 0x0000000711000000|100%| E|CS|TAMS 0x0000000710f00000, 0x0000000710f00000| Complete 
| 244|0x0000000711000000, 0x0000000711100000, 0x0000000711100000|100%| E|CS|TAMS 0x0000000711000000, 0x0000000711000000| Complete 
| 245|0x0000000711100000, 0x0000000711200000, 0x0000000711200000|100%| E|CS|TAMS 0x0000000711100000, 0x0000000711100000| Complete 
| 246|0x0000000711200000, 0x0000000711300000, 0x0000000711300000|100%| E|CS|TAMS 0x0000000711200000, 0x0000000711200000| Complete 
| 247|0x0000000711300000, 0x0000000711400000, 0x0000000711400000|100%| E|CS|TAMS 0x0000000711300000, 0x0000000711300000| Complete 
| 248|0x0000000711400000, 0x0000000711500000, 0x0000000711500000|100%| E|CS|TAMS 0x0000000711400000, 0x0000000711400000| Complete 
| 249|0x0000000711500000, 0x0000000711600000, 0x0000000711600000|100%| E|CS|TAMS 0x0000000711500000, 0x0000000711500000| Complete 
| 250|0x0000000711600000, 0x0000000711700000, 0x0000000711700000|100%| E|CS|TAMS 0x0000000711600000, 0x0000000711600000| Complete 
| 251|0x0000000711700000, 0x0000000711800000, 0x0000000711800000|100%| E|  |TAMS 0x0000000711700000, 0x0000000711700000| Complete 
| 252|0x0000000711800000, 0x0000000711900000, 0x0000000711900000|100%| E|CS|TAMS 0x0000000711800000, 0x0000000711800000| Complete 
| 253|0x0000000711900000, 0x0000000711a00000, 0x0000000711a00000|100%| E|CS|TAMS 0x0000000711900000, 0x0000000711900000| Complete 
| 254|0x0000000711a00000, 0x0000000711b00000, 0x0000000711b00000|100%| E|CS|TAMS 0x0000000711a00000, 0x0000000711a00000| Complete 
| 255|0x0000000711b00000, 0x0000000711c00000, 0x0000000711c00000|100%| E|CS|TAMS 0x0000000711b00000, 0x0000000711b00000| Complete 

Card table byte_map: [0x000001fe63210000,0x000001fe63a10000] _byte_map_base: 0x000001fe5fa02000

Marking Bits (Prev, Next): (CMBitMap*) 0x000001fe4ad60768, (CMBitMap*) 0x000001fe4ad607a0
 Prev Bits: [0x000001fe64210000, 0x000001fe681a0000)
 Next Bits: [0x000001fe681a0000, 0x000001fe6c130000)

Polling page: 0x000001fe494b0000

Metaspace:

Usage:
  Non-class:     12.45 MB capacity,    12.24 MB ( 98%) used,   183.08 KB (  1%) free+waste,    35.63 KB ( <1%) overhead. 
      Class:      1.53 MB capacity,     1.37 MB ( 89%) used,   147.63 KB (  9%) free+waste,    19.38 KB (  1%) overhead. 
       Both:     13.99 MB capacity,    13.61 MB ( 97%) used,   330.70 KB (  2%) free+waste,    55.00 KB ( <1%) overhead. 

Virtual space:
  Non-class space:       14.00 MB reserved,      12.50 MB ( 89%) committed 
      Class space:        1.00 GB reserved,       1.63 MB ( <1%) committed 
             Both:        1.01 GB reserved,      14.13 MB (  1%) committed 

Chunk freelists:
   Non-Class:  47.00 KB
       Class:  31.00 KB
        Both:  78.00 KB

MaxMetaspaceSize: 17179869184.00 GB
CompressedClassSpaceSize: 1.00 GB

CodeHeap 'non-profiled nmethods': size=120064Kb used=327Kb max_used=327Kb free=119736Kb
 bounds [0x000001fe5aeb0000, 0x000001fe5b120000, 0x000001fe623f0000]
CodeHeap 'profiled nmethods': size=120000Kb used=1665Kb max_used=1665Kb free=118334Kb
 bounds [0x000001fe53980000, 0x000001fe53bf0000, 0x000001fe5aeb0000]
CodeHeap 'non-nmethods': size=5696Kb used=1223Kb max_used=1257Kb free=4472Kb
 bounds [0x000001fe533f0000, 0x000001fe53660000, 0x000001fe53980000]
 total_blobs=1387 nmethods=917 adapters=390
 compilation: enabled
              stopped_count=0, restarted_count=0
 full_count=0

Compilation events (20 events):
Event: 8176.935 Thread 0x000001fe6e7fe800  903       1       org.eclipse.jdt.launching.internal.org.objectweb.asm.SymbolTable::getSource (5 bytes)
Event: 8176.935 Thread 0x000001fe6e7fe800 nmethod 903 0x000001fe5aefee90 code [0x000001fe5aeff040, 0x000001fe5aeff0f8]
Event: 8211.280 Thread 0x000001fe6e7fe800  909       3       org.eclipse.jdt.launching.internal.org.objectweb.asm.MethodWriter::visitJumpInsn (495 bytes)
Event: 8211.280 Thread 0x000001fe6f092800  911       4       org.eclipse.jdt.launching.internal.org.objectweb.asm.ByteVector::putByte (39 bytes)
Event: 8211.281 Thread 0x000001fe6e7fe800 nmethod 909 0x000001fe53b1c610 code [0x000001fe53b1c9a0, 0x000001fe53b1de68]
Event: 8211.281 Thread 0x000001fe6e7fe800  912       3       org.eclipse.jdt.launching.internal.org.objectweb.asm.SymbolTable::addConstantNameAndType (137 bytes)
Event: 8211.281 Thread 0x000001fe6f092800 nmethod 911 0x000001fe5aeff190 code [0x000001fe5aeff340, 0x000001fe5aeff4c8]
Event: 8211.281 Thread 0x000001fe6f092800  913       4       org.eclipse.jdt.launching.internal.org.objectweb.asm.ClassReader::readUtf (44 bytes)
Event: 8211.288 Thread 0x000001fe6e7fe800 nmethod 912 0x000001fe53b1e690 code [0x000001fe53b1e900, 0x000001fe53b1f0e8]
Event: 8211.288 Thread 0x000001fe6e7fe800  910       3       org.eclipse.jdt.launching.internal.org.objectweb.asm.Label::put (83 bytes)
Event: 8211.288 Thread 0x000001fe6e7fe800 nmethod 910 0x000001fe53b1f590 code [0x000001fe53b1f7a0, 0x000001fe53b1fb78]
Event: 8211.306 Thread 0x000001fe6f092800 nmethod 913 0x000001fe5aeff610 code [0x000001fe5aeff7e0, 0x000001fe5af00858]
Event: 8274.698 Thread 0x000001fe6f092800  914       4       org.eclipse.jdt.launching.internal.org.objectweb.asm.ByteVector::putUTF8 (144 bytes)
Event: 8274.706 Thread 0x000001fe6f092800 nmethod 914 0x000001fe5af01010 code [0x000001fe5af011e0, 0x000001fe5af016f8]
Event: 8284.398 Thread 0x000001fe6e7fe800  915       3       org.eclipse.jdt.launching.internal.org.objectweb.asm.Handler::getExceptionTableSize (10 bytes)
Event: 8284.399 Thread 0x000001fe6e7fe800 nmethod 915 0x000001fe53b1fd90 code [0x000001fe53b1ff40, 0x000001fe53b20138]
Event: 8284.399 Thread 0x000001fe6e7fe800  917       3       org.eclipse.jdt.launching.internal.org.objectweb.asm.ByteVector::<init> (13 bytes)
Event: 8284.399 Thread 0x000001fe6e7fe800 nmethod 917 0x000001fe53b20290 code [0x000001fe53b20440, 0x000001fe53b206b8]
Event: 8284.399 Thread 0x000001fe6e7fe800  916       1       java.net.URL::getRef (5 bytes)
Event: 8284.399 Thread 0x000001fe6e7fe800 nmethod 916 0x000001fe5af01b10 code [0x000001fe5af01cc0, 0x000001fe5af01d78]

GC Heap History (0 events):
No events

Deoptimization events (20 events):
Event: 0.443 Thread 0x000001fe4acf8800 DEOPT PACKING pc=0x000001fe539f7e0d sp=0x0000003e6c4fa1c0
Event: 0.443 Thread 0x000001fe4acf8800 DEOPT UNPACKING pc=0x000001fe5342c44e sp=0x0000003e6c4f9688 mode 0
Event: 0.460 Thread 0x000001fe4acf8800 DEOPT PACKING pc=0x000001fe539d1316 sp=0x0000003e6c4fbb90
Event: 0.460 Thread 0x000001fe4acf8800 DEOPT UNPACKING pc=0x000001fe5342c44e sp=0x0000003e6c4fb028 mode 0
Event: 0.477 Thread 0x000001fe4acf8800 Uncommon trap: trap_request=0xffffffc6 fr.pc=0x000001fe5aeb9814 relative=0x0000000000000074
Event: 0.477 Thread 0x000001fe4acf8800 Uncommon trap: reason=bimorphic_or_optimized_type_check action=maybe_recompile pc=0x000001fe5aeb9814 method=java.util.AbstractCollection.isEmpty()Z @ 1 c2
Event: 0.477 Thread 0x000001fe4acf8800 DEOPT PACKING pc=0x000001fe5aeb9814 sp=0x0000003e6c4fadc0
Event: 0.477 Thread 0x000001fe4acf8800 DEOPT UNPACKING pc=0x000001fe5342c62f sp=0x0000003e6c4fad60 mode 2
Event: 0.477 Thread 0x000001fe4acf8800 Uncommon trap: trap_request=0xffffffc6 fr.pc=0x000001fe5aeb9814 relative=0x0000000000000074
Event: 0.477 Thread 0x000001fe4acf8800 Uncommon trap: reason=bimorphic_or_optimized_type_check action=maybe_recompile pc=0x000001fe5aeb9814 method=java.util.AbstractCollection.isEmpty()Z @ 1 c2
Event: 0.477 Thread 0x000001fe4acf8800 DEOPT PACKING pc=0x000001fe5aeb9814 sp=0x0000003e6c4faf90
Event: 0.477 Thread 0x000001fe4acf8800 DEOPT UNPACKING pc=0x000001fe5342c62f sp=0x0000003e6c4faf30 mode 2
Event: 0.478 Thread 0x000001fe4acf8800 Uncommon trap: trap_request=0xffffffc6 fr.pc=0x000001fe5aeb9814 relative=0x0000000000000074
Event: 0.478 Thread 0x000001fe4acf8800 Uncommon trap: reason=bimorphic_or_optimized_type_check action=maybe_recompile pc=0x000001fe5aeb9814 method=java.util.AbstractCollection.isEmpty()Z @ 1 c2
Event: 0.478 Thread 0x000001fe4acf8800 DEOPT PACKING pc=0x000001fe5aeb9814 sp=0x0000003e6c4fadc0
Event: 0.478 Thread 0x000001fe4acf8800 DEOPT UNPACKING pc=0x000001fe5342c62f sp=0x0000003e6c4fad60 mode 2
Event: 0.478 Thread 0x000001fe4acf8800 Uncommon trap: trap_request=0xffffffc6 fr.pc=0x000001fe5aeb9814 relative=0x0000000000000074
Event: 0.478 Thread 0x000001fe4acf8800 Uncommon trap: reason=bimorphic_or_optimized_type_check action=maybe_recompile pc=0x000001fe5aeb9814 method=java.util.AbstractCollection.isEmpty()Z @ 1 c2
Event: 0.478 Thread 0x000001fe4acf8800 DEOPT PACKING pc=0x000001fe5aeb9814 sp=0x0000003e6c4faf90
Event: 0.478 Thread 0x000001fe4acf8800 DEOPT UNPACKING pc=0x000001fe5342c62f sp=0x0000003e6c4faf30 mode 2

Classes redefined (16 events):
Event: 193.040 Thread 0x000001fe6e7c3000 redefined class name=Mine.Board, count=1
Event: 193.042 Thread 0x000001fe6e7c3000 redefined class name=Mine.Board$MAdapter, count=1
Event: 198.343 Thread 0x000001fe6e7c3000 redefined class name=Mine.Board, count=2
Event: 198.345 Thread 0x000001fe6e7c3000 redefined class name=Mine.Board$MAdapter, count=2
Event: 213.015 Thread 0x000001fe6e7c3000 redefined class name=Mine.Board, count=3
Event: 213.017 Thread 0x000001fe6e7c3000 redefined class name=Mine.Board$MAdapter, count=3
Event: 8170.267 Thread 0x000001fe6e7c3000 redefined class name=Mine.Board, count=4
Event: 8170.269 Thread 0x000001fe6e7c3000 redefined class name=Mine.Board$MAdapter, count=4
Event: 8176.909 Thread 0x000001fe6e7c3000 redefined class name=Mine.Board, count=5
Event: 8176.911 Thread 0x000001fe6e7c3000 redefined class name=Mine.Board$MAdapter, count=5
Event: 8211.285 Thread 0x000001fe6e7c3000 redefined class name=Mine.Board, count=6
Event: 8211.287 Thread 0x000001fe6e7c3000 redefined class name=Mine.Board$MAdapter, count=6
Event: 8274.703 Thread 0x000001fe6e7c3000 redefined class name=Mine.Board, count=7
Event: 8274.705 Thread 0x000001fe6e7c3000 redefined class name=Mine.Board$MAdapter, count=7
Event: 8284.403 Thread 0x000001fe6e7c3000 redefined class name=Mine.Board, count=8
Event: 8284.405 Thread 0x000001fe6e7c3000 redefined class name=Mine.Board$MAdapter, count=8

Internal exceptions (16 events):
Event: 0.465 Thread 0x000001fe4acf8800 Exception <a 'java/lang/ClassNotFoundException'{0x000000071167cd88}: sun/awt/resources/spi/awtProvider> (0x000000071167cd88) thrown at [./src/hotspot/share/classfile/systemDictionary.cpp, line 231]
Event: 0.493 Thread 0x000001fe4acf8800 Exception <a 'java/io/FileNotFoundException'{0x000000071152c758}> (0x000000071152c758) thrown at [./src/hotspot/share/prims/jni.cpp, line 615]
Event: 0.503 Thread 0x000001fe4acf8800 Exception <a 'java/lang/NoSuchMethodError'{0x000000071158b3f8}: 'java.lang.Object java.lang.invoke.DirectMethodHandle$Holder.invokeStatic(java.lang.Object, java.lang.Object, java.lang.Object, java.lang.Object, java.lang.Object, java.lang.Object, java.lang.Object, java.lang.Object, java.lang.Object, java.lang.Object, java.lang.Object, java.lang.Object, java.lang.Object, java.lang.Object, java.lang.Object)'> (0x000000071158b3f8) thrown at [./src/hotspot/share/interpreter/linkResolver.cpp, line 773]
Event: 0.504 Thread 0x000001fe4acf8800 Exception <a 'java/lang/NoSuchMethodError'{0x000000071159abb0}: 'java.lang.Object java.lang.invoke.DirectMethodHandle$Holder.invokeStatic(java.lang.Object, java.lang.Object, java.lang.Object, java.lang.Object, java.lang.Object, java.lang.Object, java.lang.Object, java.lang.Object, java.lang.Object, java.lang.Object, java.lang.Object, java.lang.Object, java.lang.Object, java.lang.Object, java.lang.Object, java.lang.Object)'> (0x000000071159abb0) thrown at [./src/hotspot/share/interpreter/linkResolver.cpp, l
Event: 0.506 Thread 0x000001fe4acf8800 Exception <a 'java/lang/NoSuchMethodError'{0x00000007115a8820}: 'java.lang.Object java.lang.invoke.DirectMethodHandle$Holder.invokeSpecial(java.lang.Object, java.lang.Object, int, int, java.lang.Object, java.lang.Object, java.lang.Object)'> (0x00000007115a8820) thrown at [./src/hotspot/share/interpreter/linkResolver.cpp, line 773]
Event: 0.506 Thread 0x000001fe4acf8800 Exception <a 'java/lang/NoSuchMethodError'{0x00000007115abdb0}: 'java.lang.Object java.lang.invoke.DelegatingMethodHandle$Holder.reinvoke_L(java.lang.Object, int, int, java.lang.Object, java.lang.Object, java.lang.Object)'> (0x00000007115abdb0) thrown at [./src/hotspot/share/interpreter/linkResolver.cpp, line 773]
Event: 0.506 Thread 0x000001fe4acf8800 Exception <a 'java/lang/NoSuchMethodError'{0x00000007115b0988}: 'java.lang.Object java.lang.invoke.DirectMethodHandle$Holder.invokeStatic(java.lang.Object, java.lang.Object, java.lang.Object, java.lang.Object, int)'> (0x00000007115b0988) thrown at [./src/hotspot/share/interpreter/linkResolver.cpp, line 773]
Event: 0.514 Thread 0x000001fe4acf8800 Exception <a 'java/io/FileNotFoundException'{0x0000000711417ec8}> (0x0000000711417ec8) thrown at [./src/hotspot/share/prims/jni.cpp, line 615]
Event: 0.560 Thread 0x000001fe6f87d000 Exception <a 'java/lang/NoSuchMethodError'{0x000000071134ddd0}: 'void java.lang.invoke.DirectMethodHandle$Holder.invokeSpecial(java.lang.Object, java.lang.Object)'> (0x000000071134ddd0) thrown at [./src/hotspot/share/interpreter/linkResolver.cpp, line 773]
Event: 0.564 Thread 0x000001fe4acf8800 Exception <a 'java/lang/NoSuchMethodError'{0x00000007113b5270}: 'java.lang.Object java.lang.invoke.DirectMethodHandle$Holder.invokeStatic(java.lang.Object, java.lang.Object, java.lang.Object, java.lang.Object, java.lang.Object, java.lang.Object, java.lang.Object, java.lang.Object, int)'> (0x00000007113b5270) thrown at [./src/hotspot/share/interpreter/linkResolver.cpp, line 773]
Event: 0.567 Thread 0x000001fe4acf8800 Exception <a 'java/lang/NoSuchMethodError'{0x00000007113d01b8}: 'java.lang.Object java.lang.invoke.DirectMethodHandle$Holder.invokeStatic(java.lang.Object, java.lang.Object, java.lang.Object, java.lang.Object, java.lang.Object, java.lang.Object, java.lang.Object, java.lang.Object, int, int)'> (0x00000007113d01b8) thrown at [./src/hotspot/share/interpreter/linkResolver.cpp, line 773]
Event: 0.768 Thread 0x000001fe6f8f0800 Exception <a 'java/lang/NoSuchMethodError'{0x000000071105cdb8}: 'java.lang.Object java.lang.invoke.DirectMethodHandle$Holder.invokeStatic(java.lang.Object, int, java.lang.Object, java.lang.Object, java.lang.Object, java.lang.Object)'> (0x000000071105cdb8) thrown at [./src/hotspot/share/interpreter/linkResolver.cpp, line 773]
Event: 0.769 Thread 0x000001fe6f8f0800 Exception <a 'java/lang/NoSuchMethodError'{0x0000000711063e78}: 'java.lang.Object java.lang.invoke.DirectMethodHandle$Holder.invokeStatic(java.lang.Object, int, java.lang.Object, java.lang.Object, java.lang.Object)'> (0x0000000711063e78) thrown at [./src/hotspot/share/interpreter/linkResolver.cpp, line 773]
Event: 0.769 Thread 0x000001fe6f8f0800 Exception <a 'java/lang/NoSuchMethodError'{0x00000007110679c0}: 'java.lang.Object java.lang.invoke.DirectMethodHandle$Holder.invokeSpecial(java.lang.Object, java.lang.Object, int, java.lang.Object, java.lang.Object, java.lang.Object)'> (0x00000007110679c0) thrown at [./src/hotspot/share/interpreter/linkResolver.cpp, line 773]
Event: 0.830 Thread 0x000001fe6f8f0800 Exception <a 'java/lang/ClassNotFoundException'{0x0000000710f39950}: com/sun/swing/internal/plaf/metal/resources/spi/metalProvider> (0x0000000710f39950) thrown at [./src/hotspot/share/classfile/systemDictionary.cpp, line 231]
Event: 0.834 Thread 0x000001fe6f8f0800 Exception <a 'java/lang/ClassNotFoundException'{0x0000000710f40890}: com/sun/swing/internal/plaf/basic/resources/spi/basicProvider> (0x0000000710f40890) thrown at [./src/hotspot/share/classfile/systemDictionary.cpp, line 231]

Events (20 events):
Event: 8275.127 Executing VM operation: GetFrameLocation done
Event: 8275.127 Executing VM operation: GetOrSetLocal
Event: 8275.127 Executing VM operation: GetOrSetLocal done
Event: 8284.399 Executing VM operation: RedefineClasses
Event: 8284.406 Executing VM operation: RedefineClasses done
Event: 8284.432 Executing VM operation: ChangeBreakpoints
Event: 8284.433 Executing VM operation: ChangeBreakpoints done
Event: 8284.434 Executing VM operation: GetFrameCount
Event: 8284.434 Executing VM operation: GetFrameCount done
Event: 8284.434 Executing VM operation: GetStackTrace
Event: 8284.434 Executing VM operation: GetStackTrace done
Event: 8284.560 Executing VM operation: GetFrameCount
Event: 8284.560 Executing VM operation: GetFrameCount done
Event: 8284.560 Executing VM operation: GetOwnedMonitorInfo
Event: 8284.560 Executing VM operation: GetOwnedMonitorInfo done
Event: 8284.560 Executing VM operation: GetCurrentContendedMonitor
Event: 8284.560 Executing VM operation: GetCurrentContendedMonitor done
Event: 8284.724 Executing VM operation: GetFrameLocation
Event: 8284.724 Executing VM operation: GetFrameLocation done
Event: 8284.724 Executing VM operation: GetOrSetLocal


Dynamic libraries:
0x00007ff65c1b0000 - 0x00007ff65c1bd000 	C:\Program Files\AdoptOpenJDK\jdk-11.0.10.9-hotspot\bin\javaw.exe
0x00007ff8ea310000 - 0x00007ff8ea505000 	C:\WINDOWS\SYSTEM32\ntdll.dll
0x00007ff8e8650000 - 0x00007ff8e870d000 	C:\WINDOWS\System32\KERNEL32.DLL
0x00007ff8e7cb0000 - 0x00007ff8e7f79000 	C:\WINDOWS\System32\KERNELBASE.dll
0x00007ff8e7a40000 - 0x00007ff8e7b40000 	C:\WINDOWS\System32\ucrtbase.dll
0x00007ff8dfba0000 - 0x00007ff8dfbb5000 	C:\Program Files\AdoptOpenJDK\jdk-11.0.10.9-hotspot\bin\VCRUNTIME140.dll
0x00007ff8dfb80000 - 0x00007ff8dfb97000 	C:\Program Files\AdoptOpenJDK\jdk-11.0.10.9-hotspot\bin\jli.dll
0x00007ff8e9850000 - 0x00007ff8e99f0000 	C:\WINDOWS\System32\USER32.dll
0x00007ff8e7c50000 - 0x00007ff8e7c72000 	C:\WINDOWS\System32\win32u.dll
0x00007ff8d88c0000 - 0x00007ff8d8b5a000 	C:\WINDOWS\WinSxS\amd64_microsoft.windows.common-controls_6595b64144ccf1df_6.0.19041.1110_none_60b5254171f9507e\COMCTL32.dll
0x00007ff8e9ac0000 - 0x00007ff8e9aea000 	C:\WINDOWS\System32\GDI32.dll
0x00007ff8e83f0000 - 0x00007ff8e848e000 	C:\WINDOWS\System32\msvcrt.dll
0x00007ff8e7b40000 - 0x00007ff8e7c4b000 	C:\WINDOWS\System32\gdi32full.dll
0x00007ff8e81e0000 - 0x00007ff8e827d000 	C:\WINDOWS\System32\msvcp_win.dll
0x00007ff8e9af0000 - 0x00007ff8e9b20000 	C:\WINDOWS\System32\IMM32.DLL
0x00007ff8ab0a0000 - 0x00007ff8ab13b000 	C:\Program Files\AdoptOpenJDK\jdk-11.0.10.9-hotspot\bin\msvcp140.dll
0x00007ff828890000 - 0x00007ff8293d3000 	C:\Program Files\AdoptOpenJDK\jdk-11.0.10.9-hotspot\bin\server\jvm.dll
0x00007ff8e9b80000 - 0x00007ff8e9c2c000 	C:\WINDOWS\System32\ADVAPI32.dll
0x00007ff8e8720000 - 0x00007ff8e87bb000 	C:\WINDOWS\System32\sechost.dll
0x00007ff8e8520000 - 0x00007ff8e864a000 	C:\WINDOWS\System32\RPCRT4.dll
0x00007ff8e8ec0000 - 0x00007ff8e8ec8000 	C:\WINDOWS\System32\PSAPI.DLL
0x00007ff8cb190000 - 0x00007ff8cb199000 	C:\WINDOWS\SYSTEM32\WSOCK32.dll
0x00007ff8dc700000 - 0x00007ff8dc727000 	C:\WINDOWS\SYSTEM32\WINMM.dll
0x00007ff8ea260000 - 0x00007ff8ea2cb000 	C:\WINDOWS\System32\WS2_32.dll
0x00007ff8dfdd0000 - 0x00007ff8dfdda000 	C:\WINDOWS\SYSTEM32\VERSION.dll
0x00007ff8e59a0000 - 0x00007ff8e59b2000 	C:\WINDOWS\SYSTEM32\kernel.appcore.dll
0x00007ff8cf560000 - 0x00007ff8cf570000 	C:\Program Files\AdoptOpenJDK\jdk-11.0.10.9-hotspot\bin\verify.dll
0x00007ff8e54e0000 - 0x00007ff8e56c4000 	C:\WINDOWS\SYSTEM32\DBGHELP.DLL
0x00007ff8c6b30000 - 0x00007ff8c6b5c000 	C:\WINDOWS\SYSTEM32\dbgcore.DLL
0x00007ff8e82e0000 - 0x00007ff8e8363000 	C:\WINDOWS\System32\bcryptPrimitives.dll
0x00007ff8c7670000 - 0x00007ff8c7698000 	C:\Program Files\AdoptOpenJDK\jdk-11.0.10.9-hotspot\bin\java.dll
0x00007ff8ced90000 - 0x00007ff8ced9a000 	C:\Program Files\AdoptOpenJDK\jdk-11.0.10.9-hotspot\bin\jimage.dll
0x00007ff8b7830000 - 0x00007ff8b7868000 	C:\Program Files\AdoptOpenJDK\jdk-11.0.10.9-hotspot\bin\jdwp.dll
0x00007ff8ca8a0000 - 0x00007ff8ca8ae000 	C:\Program Files\AdoptOpenJDK\jdk-11.0.10.9-hotspot\bin\instrument.dll
0x00007ff8c6f10000 - 0x00007ff8c6f27000 	C:\Program Files\AdoptOpenJDK\jdk-11.0.10.9-hotspot\bin\zip.dll
0x00007ff8e9110000 - 0x00007ff8e984f000 	C:\WINDOWS\System32\SHELL32.dll
0x00007ff8e59c0000 - 0x00007ff8e6150000 	C:\WINDOWS\SYSTEM32\windows.storage.dll
0x00007ff8e8b60000 - 0x00007ff8e8eb5000 	C:\WINDOWS\System32\combase.dll
0x00007ff8e74a0000 - 0x00007ff8e74cc000 	C:\WINDOWS\SYSTEM32\Wldp.dll
0x00007ff8e9000000 - 0x00007ff8e90ae000 	C:\WINDOWS\System32\SHCORE.dll
0x00007ff8e8950000 - 0x00007ff8e89a5000 	C:\WINDOWS\System32\shlwapi.dll
0x00007ff8e7980000 - 0x00007ff8e799f000 	C:\WINDOWS\SYSTEM32\profapi.dll
0x00007ff8ca890000 - 0x00007ff8ca89a000 	C:\Program Files\AdoptOpenJDK\jdk-11.0.10.9-hotspot\bin\dt_socket.dll
0x00007ff8e7200000 - 0x00007ff8e726a000 	C:\WINDOWS\System32\mswsock.dll
0x00007ff8e6ef0000 - 0x00007ff8e6fbc000 	C:\WINDOWS\SYSTEM32\DNSAPI.dll
0x00007ff8e6ea0000 - 0x00007ff8e6edb000 	C:\WINDOWS\SYSTEM32\IPHLPAPI.DLL
0x00007ff8e8710000 - 0x00007ff8e8718000 	C:\WINDOWS\System32\NSI.dll
0x00007ff8da510000 - 0x00007ff8da58f000 	C:\WINDOWS\System32\fwpuclnt.dll
0x00007ff8e7c80000 - 0x00007ff8e7ca7000 	C:\WINDOWS\System32\bcrypt.dll
0x00007ff8dab40000 - 0x00007ff8dab4a000 	C:\Windows\System32\rasadhlp.dll
0x00007ff8c3b20000 - 0x00007ff8c3b39000 	C:\Program Files\AdoptOpenJDK\jdk-11.0.10.9-hotspot\bin\net.dll
0x00007ff8e0960000 - 0x00007ff8e0a68000 	C:\WINDOWS\SYSTEM32\WINHTTP.dll
0x00007ff8c3b00000 - 0x00007ff8c3b12000 	C:\Program Files\AdoptOpenJDK\jdk-11.0.10.9-hotspot\bin\nio.dll
0x00007ff84c1e0000 - 0x00007ff84c379000 	C:\Program Files\AdoptOpenJDK\jdk-11.0.10.9-hotspot\bin\awt.dll
0x00007ff8e99f0000 - 0x00007ff8e9abd000 	C:\WINDOWS\System32\OLEAUT32.dll
0x00007ff8e4ce0000 - 0x00007ff8e4d70000 	C:\WINDOWS\SYSTEM32\apphelp.dll
0x00007ff8e4eb0000 - 0x00007ff8e4f4e000 	C:\WINDOWS\system32\uxtheme.dll
0x00007ff8e8a40000 - 0x00007ff8e8b55000 	C:\WINDOWS\System32\MSCTF.dll
0x00007ff8e8ed0000 - 0x00007ff8e8ffa000 	C:\WINDOWS\System32\ole32.dll
0x00007ff8e50a0000 - 0x00007ff8e50cf000 	C:\WINDOWS\system32\DWMAPI.DLL
0x00007ff8abcc0000 - 0x00007ff8abde5000 	C:\WINDOWS\system32\opengl32.dll
0x00007ff8abc50000 - 0x00007ff8abc7c000 	C:\WINDOWS\SYSTEM32\GLU32.dll
0x00007ff8db5b0000 - 0x00007ff8db77e000 	C:\WINDOWS\system32\d3d9.dll
0x00007ff8de400000 - 0x00007ff8de505000 	C:\WINDOWS\System32\DriverStore\FileRepository\nv_dispi.inf_amd64_cc5a8fceed9bb371\nvldumdx.dll
0x00007ff8e7620000 - 0x00007ff8e7632000 	C:\WINDOWS\SYSTEM32\msasn1.dll
0x00007ff8e0680000 - 0x00007ff8e06b1000 	C:\WINDOWS\SYSTEM32\cryptnet.dll
0x00007ff8e7f80000 - 0x00007ff8e80df000 	C:\WINDOWS\System32\CRYPT32.dll
0x00007ff8e73f0000 - 0x00007ff8e73fc000 	C:\WINDOWS\SYSTEM32\cryptbase.dll
0x00007ff8e8280000 - 0x00007ff8e82e0000 	C:\WINDOWS\System32\WINTRUST.DLL
0x00007ff8e83d0000 - 0x00007ff8e83ed000 	C:\WINDOWS\System32\imagehlp.dll
0x00007ff8e7400000 - 0x00007ff8e7418000 	C:\WINDOWS\SYSTEM32\CRYPTSP.dll
0x00007ff8e6b10000 - 0x00007ff8e6b44000 	C:\WINDOWS\system32\rsaenh.dll
0x00007ff84f8b0000 - 0x00007ff851068000 	C:\WINDOWS\System32\DriverStore\FileRepository\nv_dispi.inf_amd64_cc5a8fceed9bb371\nvd3dumx.dll
0x00007ff897440000 - 0x00007ff8976fe000 	C:\WINDOWS\system32\nvspcap64.dll
0x00007ff8e6590000 - 0x00007ff8e65c3000 	C:\WINDOWS\SYSTEM32\ntmarta.dll
0x00007ff8e6160000 - 0x00007ff8e6183000 	C:\WINDOWS\SYSTEM32\gpapi.dll
0x00007ff8e20e0000 - 0x00007ff8e211b000 	C:\WINDOWS\SYSTEM32\dxcore.dll
0x00007ff8e80e0000 - 0x00007ff8e812e000 	C:\WINDOWS\System32\cfgmgr32.dll

dbghelp: loaded successfully - version: 4.0.5 - missing functions: none
symbol engine: initialized successfully - sym options: 0x614 - pdb path: .;C:\Program Files\AdoptOpenJDK\jdk-11.0.10.9-hotspot\bin;C:\WINDOWS\SYSTEM32;C:\WINDOWS\WinSxS\amd64_microsoft.windows.common-controls_6595b64144ccf1df_6.0.19041.1110_none_60b5254171f9507e;C:\Program Files\AdoptOpenJDK\jdk-11.0.10.9-hotspot\bin\server;C:\WINDOWS\System32\DriverStore\FileRepository\nv_dispi.inf_amd64_cc5a8fceed9bb371

VM Arguments:
jvm_args: -agentlib:jdwp=transport=dt_socket,suspend=y,address=localhost:58809 -javaagent:C:\Users\Andrew\eclipse\java-2019-03\eclipse\configuration\org.eclipse.osgi\224\0\.cp\lib\javaagent-shaded.jar -Dfile.encoding=Cp1252 
java_command: Mine.Minesweeper
java_class_path (initial): C:\Users\Andrew\eclipse-workspace\Mine\bin
Launcher Type: SUN_STANDARD

[Global flags]
     intx CICompilerCount                          = 3                                         {product} {ergonomic}
     uint ConcGCThreads                            = 1                                         {product} {ergonomic}
     uint G1ConcRefinementThreads                  = 4                                         {product} {ergonomic}
   size_t G1HeapRegionSize                         = 1048576                                   {product} {ergonomic}
    uintx GCDrainStackTargetSize                   = 64                                        {product} {ergonomic}
   size_t InitialHeapSize                          = 268435456                                 {product} {ergonomic}
   size_t MarkStackSize                            = 4194304                                   {product} {ergonomic}
   size_t MaxHeapSize                              = 4265607168                                {product} {ergonomic}
   size_t MaxNewSize                               = 2558525440                                {product} {ergonomic}
   size_t MinHeapDeltaBytes                        = 1048576                                   {product} {ergonomic}
    uintx NonNMethodCodeHeapSize                   = 5830732                                {pd product} {ergonomic}
    uintx NonProfiledCodeHeapSize                  = 122913754                              {pd product} {ergonomic}
    uintx ProfiledCodeHeapSize                     = 122913754                              {pd product} {ergonomic}
    uintx ReservedCodeCacheSize                    = 251658240                              {pd product} {ergonomic}
     bool SegmentedCodeCache                       = true                                      {product} {ergonomic}
     bool UseCompressedClassPointers               = true                                 {lp64_product} {ergonomic}
     bool UseCompressedOops                        = true                                 {lp64_product} {ergonomic}
     bool UseG1GC                                  = true                                      {product} {ergonomic}
     bool UseLargePagesIndividualAllocation        = false                                  {pd product} {ergonomic}

Logging:
Log output configuration:
 #0: stdout all=warning uptime,level,tags
 #1: stderr all=off uptime,level,tags

Environment Variables:
PATH=C:/Program Files/AdoptOpenJDK/jdk-11.0.10.9-hotspot/bin/client;C:/Program Files/AdoptOpenJDK/jdk-11.0.10.9-hotspot/bin;C:\Program Files\AdoptOpenJDK\jdk-11.0.10.9-hotspot\bin;C:\Program Files (x86)\Common Files\Oracle\Java\javapath;C:\ProgramData\Oracle\Java\javapath;C:\Windows\system32;C:\Windows;C:\Windows\System32\Wbem;C:\Windows\System32\WindowsPowerShell\v1.0\;C:\Program Files (x86)\NVIDIA Corporation\PhysX\Common;C:\Program Files (x86)\Python\Python36-32;C:\Program Files\PuTTY\;C:\Program Files (x86)\GtkSharp\2.12\bin;C:\Program Files\NVIDIA Corporation\NVIDIA NvDLISR;C:\Program Files (x86)\AOMEI Backupper;C:\WINDOWS\system32;C:\WINDOWS;C:\WINDOWS\System32\Wbem;C:\WINDOWS\System32\WindowsPowerShell\v1.0\;C:\Program Files\Git\cmd;C:\TDM-GCC-64\bin;C:\WINDOWS\System32\OpenSSH\;C:\Program Files (x86)\Windows Kits\10\Windows Performance Toolkit\;C:\Program Files\dotnet\;C:\Program Files (x86)\dotnet\;C:\Users\Andrew\AppData\Local\Programs\Microsoft VS Code\bin;C:\Users\Andrew\AppData\Local\Microsoft\WindowsApps;C:\Users\Andrew\AppData\Local\Programs\Python\Python39;C:\Users\Andrew\.dotnet\tools;C:\WINDOWS\system32;
USERNAME=Andrew
OS=Windows_NT
PROCESSOR_IDENTIFIER=Intel64 Family 6 Model 94 Stepping 3, GenuineIntel



---------------  S Y S T E M  ---------------

OS: Windows 10 , 64 bit Build 19041 (10.0.19041.1151)
OS uptime: 2 days 0:41 hours

CPU:total 4 (initial active 4) (4 cores per cpu, 1 threads per core) family 6 model 94 stepping 3 microcode 0xcc, cmov, cx8, fxsr, mmx, sse, sse2, sse3, ssse3, sse4.1, sse4.2, popcnt, avx, avx2, aes, clmul, erms, rtm, 3dnowpref, lzcnt, tsc, tscinvbit, bmi1, bmi2, adx, fma

Memory: 4k page, system-wide physical 16264M (7683M free)
TotalPageFile size 30088M (AvailPageFile size 14053M)
current process WorkingSet (physical memory assigned to process): 56M, peak: 92M
current process commit charge ("private bytes"): 354M, peak: 367M

vm_info: OpenJDK 64-Bit Server VM (11.0.10+9) for windows-amd64 JRE (11.0.10+9), built on Jan 20 2021 06:07:07 by "" with MS VC++ 15.9 (VS2017)

END.
